<?xml version="1.0" encoding="UTF-8"?>
<!-- Generated by org.testng.reporters.JUnitReportReporter -->
<testsuite hostname="LAPTOP-MD0BUS0E" failures="0" tests="2" name="Testng.TestNG.DescriptionClassTestNG" time="0.007" errors="0" timestamp="2026-01-21T10:00:08 IST" skipped="0">
  <testcase classname="Testng.TestNG.DescriptionClassTestNG" name="firstNG" time="0.005"/>
  <testcase classname="Testng.TestNG.DescriptionClassTestNG" name="thirdNG" time="0.002"/>
</testsuite> <!-- Testng.TestNG.DescriptionClassTestNG -->
