<?xml version="1.0" encoding="UTF-8"?>
<!-- Generated by org.testng.reporters.JUnitReportReporter -->
<testsuite hostname="LAPTOP-MD0BUS0E" failures="0" tests="3" name="GroupPackages.SecondGroups" time="0.003" errors="0" timestamp="2026-01-21T10:18:58 IST" skipped="0">
  <testcase classname="GroupPackages.SecondGroups" name="LoginPages" time="0.001"/>
  <testcase classname="GroupPackages.SecondGroups" name="HomePages" time="0.002"/>
  <testcase classname="GroupPackages.SecondGroups" name="Purchases" time="0.000"/>
</testsuite> <!-- GroupPackages.SecondGroups -->
