<?xml version="1.0" encoding="UTF-8"?>
<!-- Generated by org.testng.reporters.JUnitReportReporter -->
<testsuite hostname="LAPTOP-MD0BUS0E" failures="0" tests="3" name="Testng.TestNG.PriorityTestNG" time="0.003" errors="0" timestamp="2026-01-21T09:52:06 IST" skipped="1">
  <testcase classname="Testng.TestNG.PriorityTestNG" name="c" time="0.002"/>
  <testcase classname="Testng.TestNG.PriorityTestNG" name="b" time="0.001"/>
  <testcase classname="Testng.TestNG.PriorityTestNG" name="a">
    <skipped/>
  </testcase> <!-- a -->
</testsuite> <!-- Testng.TestNG.PriorityTestNG -->
