<?xml version="1.0" encoding="UTF-8"?>
<!-- Generated by org.testng.reporters.JUnitReportReporter -->
<testsuite hostname="LAPTOP-MD0BUS0E" failures="0" tests="3" name="GroupPackages.FirstGroups" time="0.011" errors="0" timestamp="2026-01-21T10:18:58 IST" skipped="0">
  <testcase classname="GroupPackages.FirstGroups" name="loginPage" time="0.007"/>
  <testcase classname="GroupPackages.FirstGroups" name="HomePage" time="0.002"/>
  <testcase classname="GroupPackages.FirstGroups" name="Purchase" time="0.002"/>
</testsuite> <!-- GroupPackages.FirstGroups -->
