<?xml version="1.0" encoding="UTF-8"?>
<!-- Generated by org.testng.reporters.JUnitXMLReporter -->
<testsuite ignored="3" hostname="LAPTOP-MD0BUS0E" failures="0" tests="6" name="Test" time="0.051" errors="0" timestamp="2026-01-21T10:18:58 IST">
  <testcase classname="GroupPackages.FirstGroups" name="loginPage" time="0.007"/>
  <testcase classname="GroupPackages.FirstGroups" name="HomePage" time="0.002"/>
  <testcase classname="GroupPackages.FirstGroups" name="Purchase" time="0.002"/>
  <testcase classname="GroupPackages.SecondGroups" name="LoginPages" time="0.001"/>
  <testcase classname="GroupPackages.SecondGroups" name="HomePages" time="0.002"/>
  <testcase classname="GroupPackages.SecondGroups" name="Purchases" time="0.0"/>
  <testcase classname="GroupPackages.ThirdGroups" name="HomePagess" time="0.0">
    <ignored/>
  </testcase> <!-- HomePagess -->
  <testcase classname="GroupPackages.ThirdGroups" name="Purchasess" time="0.0">
    <ignored/>
  </testcase> <!-- Purchasess -->
  <testcase classname="GroupPackages.ThirdGroups" name="LoginPagess" time="0.0">
    <ignored/>
  </testcase> <!-- LoginPagess -->
</testsuite> <!-- Test -->
